/opt/slurm/data/slurmd/job51695855/slurm_script: line 15: cd: too many arguments
                      :-) GROMACS - gmx grompp, 2018.3 (-:

                            GROMACS is written by:
     Emile Apol      Rossen Apostolov      Paul Bauer     Herman J.C. Berendsen
    Par Bjelkmar    Aldert van Buuren   Rudi van Drunen     Anton Feenstra  
  Gerrit Groenhof    Aleksei Iupinov   Christoph Junghans   Anca Hamuraru   
 Vincent Hindriksen Dimitrios Karkoulis    Peter Kasson        Jiri Kraus    
  Carsten Kutzner      Per Larsson      Justin A. Lemkul    Viveca Lindahl  
  Magnus Lundborg   Pieter Meulenhoff    Erik Marklund      Teemu Murtola   
    Szilard Pall       Sander Pronk      Roland Schulz     Alexey Shvetsov  
   Michael Shirts     Alfons Sijbers     Peter Tieleman    Teemu Virolainen 
 Christian Wennberg    Maarten Wolf   
                           and the project leaders:
        Mark Abraham, Berk Hess, Erik Lindahl, and David van der Spoel

Copyright (c) 1991-2000, University of Groningen, The Netherlands.
Copyright (c) 2001-2017, The GROMACS development team at
Uppsala University, Stockholm University and
the Royal Institute of Technology, Sweden.
check out http://www.gromacs.org for more information.

GROMACS is free software; you can redistribute it and/or modify it
under the terms of the GNU Lesser General Public License
as published by the Free Software Foundation; either version 2.1
of the License, or (at your option) any later version.

GROMACS:      gmx grompp, version 2018.3
Executable:   /share/apps/gromacs/2018.3/openmpi/intel/bin/gmx_mpi
Data prefix:  /share/apps/gromacs/2018.3/openmpi/intel
Working dir:  /scratch/work/courses/CHEM-GA-2671-2024fa/students/yl12451/comp-lab-class-2024/Week5-ParallelTempering/setup/alanine dipeptide
Command line:
  gmx_mpi grompp -f adp_T300.mdp -c adp.gro -p adp.top -o md_alanine.tpr

Replacing old mdp entry 'nstxtcout' by 'nstxout-compressed'
Replacing old mdp entry 'xtc-grps' by 'compressed-x-grps'
Replacing old mdp entry 'xtc-precision' by 'compressed-x-precision'

NOTE 1 [file adp_T300.mdp]:
  The group cutoff scheme is deprecated since GROMACS 5.0 and will be
  removed in a future release when all interaction forms are supported for
  the verlet scheme. The verlet scheme already scales better, and it is
  compatible with GPUs and other accelerators.

Setting the LD random seed to -525915834

WARNING 1 [file mdp file]:
  Malformed define option alanine


WARNING 2 [file mdp file]:
  Malformed define option dipeptide

Generated 2211 of the 2211 non-bonded parameter combinations
Generating 1-4 interactions: fudge = 0.5
Generated 2211 of the 2211 1-4 parameter combinations
Excluding 3 bonded neighbours molecule type 'Protein_chain_X'
Velocities were taken from a Maxwell distribution at 300 K
Number of degrees of freedom in T-Coupling group System is 39.00

There was 1 note

There were 2 warnings

-------------------------------------------------------
Program:     gmx grompp, version 2018.3
Source file: src/gromacs/gmxpreprocess/grompp.cpp (line 2406)

Fatal error:
Too many warnings (2).
If you are sure all warnings are harmless, use the -maxwarn option.

For more information and tips for troubleshooting, please check the GROMACS
website at http://www.gromacs.org/Documentation/Errors
-------------------------------------------------------
turning all bonds into constraints...
Analysing residue names:
There are:     3    Protein residues
Analysing Protein...
This run will generate roughly 10 Mb of data
--------------------------------------------------------------------------
MPI_ABORT was invoked on rank 0 in communicator MPI_COMM_WORLD
with errorcode 1.

NOTE: invoking MPI_ABORT causes Open MPI to kill all MPI processes.
You may or may not see output from other processes, depending on
exactly when Open MPI kills them.
--------------------------------------------------------------------------
[warn] Epoll MOD(1) on fd 8 failed.  Old events were 6; read change was 0 (none); write change was 2 (del): Bad file descriptor
[warn] Epoll MOD(4) on fd 8 failed.  Old events were 6; read change was 2 (del); write change was 0 (none): Bad file descriptor
                      :-) GROMACS - gmx mdrun, 2018.3 (-:

                            GROMACS is written by:
     Emile Apol      Rossen Apostolov      Paul Bauer     Herman J.C. Berendsen
    Par Bjelkmar    Aldert van Buuren   Rudi van Drunen     Anton Feenstra  
  Gerrit Groenhof    Aleksei Iupinov   Christoph Junghans   Anca Hamuraru   
 Vincent Hindriksen Dimitrios Karkoulis    Peter Kasson        Jiri Kraus    
  Carsten Kutzner      Per Larsson      Justin A. Lemkul    Viveca Lindahl  
  Magnus Lundborg   Pieter Meulenhoff    Erik Marklund      Teemu Murtola   
    Szilard Pall       Sander Pronk      Roland Schulz     Alexey Shvetsov  
   Michael Shirts     Alfons Sijbers     Peter Tieleman    Teemu Virolainen 
 Christian Wennberg    Maarten Wolf   
                           and the project leaders:
        Mark Abraham, Berk Hess, Erik Lindahl, and David van der Spoel

Copyright (c) 1991-2000, University of Groningen, The Netherlands.
Copyright (c) 2001-2017, The GROMACS development team at
Uppsala University, Stockholm University and
the Royal Institute of Technology, Sweden.
check out http://www.gromacs.org for more information.

GROMACS is free software; you can redistribute it and/or modify it
under the terms of the GNU Lesser General Public License
as published by the Free Software Foundation; either version 2.1
of the License, or (at your option) any later version.

GROMACS:      gmx mdrun, version 2018.3
Executable:   /share/apps/gromacs/2018.3/openmpi/intel/bin/gmx_mpi
Data prefix:  /share/apps/gromacs/2018.3/openmpi/intel
Working dir:  /scratch/work/courses/CHEM-GA-2671-2024fa/students/yl12451/comp-lab-class-2024/Week5-ParallelTempering/setup/alanine dipeptide
Command line:
  gmx_mpi mdrun -deffnm md_alanine -nt 1


-------------------------------------------------------
Program:     gmx mdrun, version 2018.3
Source file: src/gromacs/options/options.cpp (line 189)
Function:    void gmx::internal::OptionSectionImpl::finish()

Error in user input:
Invalid input values
  In option s
    Required option was not provided, and the default file 'topol' does not
    exist or is not accessible.
    The following extensions were tried to complete the file name:
      .tpr

For more information and tips for troubleshooting, please check the GROMACS
website at http://www.gromacs.org/Documentation/Errors
-------------------------------------------------------
--------------------------------------------------------------------------
MPI_ABORT was invoked on rank 0 in communicator MPI_COMM_WORLD
with errorcode 1.

NOTE: invoking MPI_ABORT causes Open MPI to kill all MPI processes.
You may or may not see output from other processes, depending on
exactly when Open MPI kills them.
--------------------------------------------------------------------------
[warn] Epoll MOD(1) on fd 8 failed.  Old events were 6; read change was 0 (none); write change was 2 (del): Bad file descriptor
[warn] Epoll MOD(4) on fd 8 failed.  Old events were 6; read change was 2 (del); write change was 0 (none): Bad file descriptor
