
 *******************************************************************************
 *   ___                                                                       *
 *  /   \                                                                      *
 * [ABORT]                                                                     *
 *  \___/    The specified OLD file <proton.inp> cannot be opened. It does not *
 *    |       exist. Data directory path: /home/wang/cp2k-20201212/cp2k/data   *
 *  O/|                                                                        *
 * /| |                                                                        *
 * / \                                                   common/cp_files.F:395 *
 *******************************************************************************


 ===== Routine Calling Stack ===== 

            1 read_input
--------------------------------------------------------------------------
MPI_ABORT was invoked on rank 0 in communicator MPI_COMM_WORLD
with errorcode 1.

NOTE: invoking MPI_ABORT causes Open MPI to kill all MPI processes.
You may or may not see output from other processes, depending on
exactly when Open MPI kills them.
--------------------------------------------------------------------------
In: PMI_Abort(1, N/A)
slurmstepd: error: *** STEP 54128218.0 ON cs207 CANCELLED AT 2024-11-30T22:16:39 ***
srun: Job step aborted: Waiting up to 32 seconds for job step to finish.
srun: error: cs207: tasks 0-11: Killed
srun: Terminating StepId=54128218.0
