Electrostatic potential parameters

Grid information (see 1_default_grid.dat in Angstrom)
    Number of grid points:            1089

Quantum electrostatic potential (see 1_default_grid_esp.dat)

Constraints
    Charge constraints
        Total charge of   0.07053630 on the set   2
        Total charge of   0.08505945 on the set   3
        Total charge of  -0.47140628 on the set   4
        Total charge of   0.12577529 on the set   5
        Total charge of  -0.10083353 on the set   6
        Total charge of   0.36409490 on the set   7
        Total charge of  -0.49600929 on the set   8
        Total charge of  -0.04595389 on the set   9
        Total charge of   0.36252455 on the set  10
        Total charge of  -0.52858781 on the set  11
        Total charge of   0.02500891 on the set  12
        Total charge of   0.17305157 on the set  18
    Equality constraints
        Equal charges on atoms
                                 15  16  17
                                 19  20  21
                                 22  23  24

Restraint
    Hyperbolic restraint to a charge of zero
    Hydrogen atoms are not restrained
    resp_a:                           0.0010
    resp_b:                           0.1000

Fit

Electrostatic Potential Charges
   Center  Symbol       ESP      RESP
      1    C      -0.23874207 -0.20126174
      2    N       0.07053630  0.07053630
      3    C       0.08505945  0.08505945
      4    N      -0.47140628 -0.47140628
      5    C       0.12577529  0.12577529
      6    C      -0.10083353 -0.10083353
      7    C       0.36409490  0.36409490
      8    O      -0.49600929 -0.49600929
      9    N      -0.04595389 -0.04595389
     10    C       0.36252455  0.36252455
     11    O      -0.52858781 -0.52858781
     12    N       0.02500891  0.02500891
     13    C       0.03219313  0.00605428
     14    C      -0.04517047 -0.03375600
     15    H       0.12211277  0.11036596
     16    H       0.12211277  0.11036596
     17    H       0.12211277  0.11036596
     18    H       0.17305157  0.17305157
     19    H       0.04252275  0.05004300
     20    H       0.04252275  0.05004300
     21    H       0.04252275  0.05004300
     22    H       0.06485089  0.06149213
     23    H       0.06485089  0.06149213
     24    H       0.06485089  0.06149213
Total Charge:      0.00000000  0.00000000
