/opt/slurm/data/slurmd/job51328144/slurm_script: line 2: SBATCH: command not found
/opt/slurm/data/slurmd/job51328144/slurm_script: line 3: SBATCH: command not found
/opt/slurm/data/slurmd/job51328144/slurm_script: line 4: SBATCH: command not found
/opt/slurm/data/slurmd/job51328144/slurm_script: line 5: SBATCH: command not found
/opt/slurm/data/slurmd/job51328144/slurm_script: line 6: SBATCH: command not found
/opt/slurm/data/slurmd/job51328144/slurm_script: line 7: SBATCH: command not found
/opt/slurm/data/slurmd/job51328144/slurm_script: line 8: SBATCH: command not found
/opt/slurm/data/slurmd/job51328144/slurm_script: line 9: SBATCH: command not found
/opt/slurm/data/slurmd/job51328144/slurm_script: line 10: SBATCH: command not found
                      :-) GROMACS - gmx mdrun, 2020.4 (-:

                            GROMACS is written by:
     Emile Apol      Rossen Apostolov      Paul Bauer     Herman J.C. Berendsen
    Par Bjelkmar      Christian Blau   Viacheslav Bolnykh     Kevin Boyd    
 Aldert van Buuren   Rudi van Drunen     Anton Feenstra       Alan Gray     
  Gerrit Groenhof     Anca Hamuraru    Vincent Hindriksen  M. Eric Irrgang  
  Aleksei Iupinov   Christoph Junghans     Joe Jordan     Dimitrios Karkoulis
    Peter Kasson        Jiri Kraus      Carsten Kutzner      Per Larsson    
  Justin A. Lemkul    Viveca Lindahl    Magnus Lundborg     Erik Marklund   
    Pascal Merz     Pieter Meulenhoff    Teemu Murtola       Szilard Pall   
    Sander Pronk      Roland Schulz      Michael Shirts    Alexey Shvetsov  
   Alfons Sijbers     Peter Tieleman      Jon Vincent      Teemu Virolainen 
 Christian Wennberg    Maarten Wolf      Artem Zhmurov   
                           and the project leaders:
        Mark Abraham, Berk Hess, Erik Lindahl, and David van der Spoel

Copyright (c) 1991-2000, University of Groningen, The Netherlands.
Copyright (c) 2001-2019, The GROMACS development team at
Uppsala University, Stockholm University and
the Royal Institute of Technology, Sweden.
check out http://www.gromacs.org for more information.

GROMACS is free software; you can redistribute it and/or modify it
under the terms of the GNU Lesser General Public License
as published by the Free Software Foundation; either version 2.1
of the License, or (at your option) any later version.

GROMACS:      gmx mdrun, version 2020.4
Executable:   /share/apps/gromacs/2020.4/openmpi/intel/bin/gmx_mpi
Data prefix:  /share/apps/gromacs/2020.4/openmpi/intel
Working dir:  /scratch/work/courses/CHEM-GA-2671-2024fa/students/yl12451/comp-lab-class-2024/Week3-IntroToMD
Command line:
  gmx_mpi mdrun -deffnm md_0_1

Reading file md_0_1.tpr, VERSION 2020.4 (single precision)
Changing nstlist from 10 to 40, rlist from 1.041 to 1.165

Using 1 MPI process

Non-default thread affinity set, disabling internal thread affinity
starting mdrun 'TRP-CAGE in water'
2000000 steps,  10000.0 ps.

Step 1750, time 8.75 (ps)  LINCS WARNING
relative constraint deviation after LINCS:
rms 0.000237, max 0.002214 (between atoms 226 and 228)
bonds that rotated more than 30 degrees:
 atom 1 atom 2  angle  previous, current, constraint length
    226    227   30.6    0.1011   0.1008      0.1010

Step 1753, time 8.765 (ps)  LINCS WARNING
relative constraint deviation after LINCS:
rms 0.000385, max 0.003225 (between atoms 226 and 228)
bonds that rotated more than 30 degrees:
 atom 1 atom 2  angle  previous, current, constraint length
    226    227   31.9    0.1011   0.1007      0.1010
    226    228   31.3    0.1011   0.1007      0.1010

Step 1756, time 8.78 (ps)  LINCS WARNING
relative constraint deviation after LINCS:
rms 0.000306, max 0.002623 (between atoms 226 and 227)
bonds that rotated more than 30 degrees:
 atom 1 atom 2  angle  previous, current, constraint length
    226    227   30.4    0.1012   0.1007      0.1010
    226    228   31.9    0.1011   0.1008      0.1010

Step 1778, time 8.89 (ps)  LINCS WARNING
relative constraint deviation after LINCS:
rms 0.000157, max 0.001601 (between atoms 226 and 228)
bonds that rotated more than 30 degrees:
 atom 1 atom 2  angle  previous, current, constraint length
    226    227   33.1    0.1010   0.1009      0.1010

Step 1781, time 8.905 (ps)  LINCS WARNING
relative constraint deviation after LINCS:
rms 0.000255, max 0.002298 (between atoms 226 and 227)
bonds that rotated more than 30 degrees:
 atom 1 atom 2  angle  previous, current, constraint length
    226    228   33.6    0.1010   0.1008      0.1010

Step 1784, time 8.92 (ps)  LINCS WARNING
relative constraint deviation after LINCS:
rms 0.000368, max 0.003202 (between atoms 226 and 228)
bonds that rotated more than 30 degrees:
 atom 1 atom 2  angle  previous, current, constraint length
    226    227   39.7    0.1012   0.1007      0.1010
    226    228   33.9    0.1013   0.1007      0.1010

Step 1786, time 8.93 (ps)  LINCS WARNING
relative constraint deviation after LINCS:
rms 0.000895, max 0.007535 (between atoms 226 and 228)
bonds that rotated more than 30 degrees:
 atom 1 atom 2  angle  previous, current, constraint length
    226    227   36.5    0.1010   0.1017      0.1010
    226    228   36.6    0.1010   0.1018      0.1010

Step 1787, time 8.935 (ps)  LINCS WARNING
relative constraint deviation after LINCS:
rms 0.000372, max 0.003187 (between atoms 226 and 228)
bonds that rotated more than 30 degrees:
 atom 1 atom 2  angle  previous, current, constraint length
    226    227   46.6    0.1017   0.1007      0.1010
    226    228   43.0    0.1018   0.1007      0.1010

Step 1789, time 8.945 (ps)  LINCS WARNING
relative constraint deviation after LINCS:
rms 0.001139, max 0.009865 (between atoms 226 and 227)
bonds that rotated more than 30 degrees:
 atom 1 atom 2  angle  previous, current, constraint length
    226    227   38.0    0.1010   0.1020      0.1010
    226    228   41.4    0.1010   0.1019      0.1010

Step 1790, time 8.95 (ps)  LINCS WARNING
relative constraint deviation after LINCS:
rms 0.000312, max 0.002989 (between atoms 226 and 228)
bonds that rotated more than 30 degrees:
 atom 1 atom 2  angle  previous, current, constraint length
    226    227   49.8    0.1020   0.1008      0.1010
    226    228   32.1    0.1019   0.1007      0.1010

Step 1792, time 8.96 (ps)  LINCS WARNING
relative constraint deviation after LINCS:
rms 0.000820, max 0.008014 (between atoms 226 and 228)
bonds that rotated more than 30 degrees:
 atom 1 atom 2  angle  previous, current, constraint length
    226    227   44.2    0.1010   0.1015      0.1010

Step 1793, time 8.965 (ps)  LINCS WARNING
relative constraint deviation after LINCS:
rms 0.000618, max 0.005504 (between atoms 226 and 227)
bonds that rotated more than 30 degrees:
 atom 1 atom 2  angle  previous, current, constraint length
    226    227   47.6    0.1015   0.1004      0.1010
    226    228   57.5    0.1018   0.1005      0.1010

Step 1795, time 8.975 (ps)  LINCS WARNING
relative constraint deviation after LINCS:
rms 0.002830, max 0.026650 (between atoms 226 and 228)
bonds that rotated more than 30 degrees:
 atom 1 atom 2  angle  previous, current, constraint length
    226    227   62.9    0.1010   0.1030      0.1010
    226    228   50.6    0.1010   0.1037      0.1010

Step 1796, time 8.98 (ps)  LINCS WARNING
relative constraint deviation after LINCS:
rms 0.014441, max 0.125696 (between atoms 226 and 227)
bonds that rotated more than 30 degrees:
 atom 1 atom 2  angle  previous, current, constraint length
    226    227   90.0    0.1030   0.1137      0.1010
    226    228   90.0    0.1037   0.1123      0.1010

Step 1797, time 8.985 (ps)  LINCS WARNING
relative constraint deviation after LINCS:
rms 0.157510, max 1.351990 (between atoms 226 and 227)
bonds that rotated more than 30 degrees:
 atom 1 atom 2  angle  previous, current, constraint length
    226    227   90.0    0.1137   0.2376      0.1010
    226    228   90.0    0.1123   0.2266      0.1010
Wrote pdb files with previous and current coordinates

Step 1798, time 8.99 (ps)  LINCS WARNING
relative constraint deviation after LINCS:
rms 0.090429, max 0.796804 (between atoms 226 and 228)
bonds that rotated more than 30 degrees:
 atom 1 atom 2  angle  previous, current, constraint length
    226    227   90.0    0.2376   0.1708      0.1010
    226    228   90.0    0.2266   0.1815      0.1010
Wrote pdb files with previous and current coordinates

Step 1799, time 8.995 (ps)  LINCS WARNING
relative constraint deviation after LINCS:
rms 0.218094, max 1.948937 (between atoms 226 and 227)
bonds that rotated more than 30 degrees:
 atom 1 atom 2  angle  previous, current, constraint length
    226    227   90.0    0.1708   0.2978      0.1010
    226    228   90.0    0.1815   0.2661      0.1010
Wrote pdb files with previous and current coordinates

Step 1800, time 9 (ps)  LINCS WARNING
relative constraint deviation after LINCS:
rms 0.062922, max 0.678385 (between atoms 226 and 228)
bonds that rotated more than 30 degrees:
 atom 1 atom 2  angle  previous, current, constraint length
    226    227   90.0    0.2978   0.1293      0.1010
    226    228   90.0    0.2661   0.1695      0.1010
Wrote pdb files with previous and current coordinates

Step 1801, time 9.005 (ps)  LINCS WARNING
relative constraint deviation after LINCS:
rms 0.213015, max 1.874773 (between atoms 226 and 227)
bonds that rotated more than 30 degrees:
 atom 1 atom 2  angle  previous, current, constraint length
    223    225   57.4    0.1010   0.1009      0.1010
    226    227   90.0    0.1293   0.2904      0.1010
    226    228   90.0    0.1695   0.2656      0.1010
Wrote pdb files with previous and current coordinates

Step 1802, time 9.01 (ps)  LINCS WARNING
relative constraint deviation after LINCS:
rms 0.118093, max 1.319804 (between atoms 226 and 228)
bonds that rotated more than 30 degrees:
 atom 1 atom 2  angle  previous, current, constraint length
    223    224   53.0    0.1019   0.1026      0.1010
    223    225   48.0    0.1009   0.1025      0.1010
    226    227   90.0    0.2904   0.1407      0.1010
    226    228   90.0    0.2657   0.2343      0.1010
Wrote pdb files with previous and current coordinates

Step 1803, time 9.015 (ps)  LINCS WARNING
relative constraint deviation after LINCS:
rms 0.220401, max 2.056297 (between atoms 226 and 227)
bonds that rotated more than 30 degrees:
 atom 1 atom 2  angle  previous, current, constraint length
    223    225   41.2    0.1025   0.1010      0.1010
    226    227   90.0    0.1407   0.3087      0.1010
    226    228   90.0    0.2343   0.2568      0.1010
Wrote pdb files with previous and current coordinates

Step 1804, time 9.02 (ps)  LINCS WARNING
relative constraint deviation after LINCS:
rms 0.179234, max 2.088475 (between atoms 226 and 228)
bonds that rotated more than 30 degrees:
 atom 1 atom 2  angle  previous, current, constraint length
    223    225   54.4    0.1010   0.1008      0.1010
    226    227   90.0    0.3087   0.1096      0.1010
    226    228   90.0    0.2568   0.3119      0.1010
Wrote pdb files with previous and current coordinates

Step 1805, time 9.025 (ps)  LINCS WARNING
relative constraint deviation after LINCS:
rms 0.192480, max 1.548329 (between atoms 226 and 227)
bonds that rotated more than 30 degrees:
 atom 1 atom 2  angle  previous, current, constraint length
    223    224   90.0    0.1015   0.1197      0.1010
    223    225   90.0    0.1008   0.1644      0.1010
    226    227   90.0    0.1096   0.2574      0.1010
    226    228   90.0    0.3119   0.2513      0.1010
Wrote pdb files with previous and current coordinates

Step 1806, time 9.03 (ps)  LINCS WARNING
relative constraint deviation after LINCS:
rms 0.179486, max 1.996942 (between atoms 226 and 228)
bonds that rotated more than 30 degrees:
 atom 1 atom 2  angle  previous, current, constraint length
    220    221   37.2    0.1010   0.1010      0.1010
    223    224   90.0    0.1197   0.1568      0.1010
    226    227   90.0    0.2574   0.1310      0.1010
    226    228   90.0    0.2513   0.3027      0.1010
Wrote pdb files with previous and current coordinates

Step 1807, time 9.035 (ps)  LINCS WARNING
relative constraint deviation after LINCS:
rms 0.182078, max 1.679223 (between atoms 226 and 227)
bonds that rotated more than 30 degrees:
 atom 1 atom 2  angle  previous, current, constraint length
    223    224   44.6    0.1568   0.1011      0.1010
    226    227   90.0    0.1310   0.2706      0.1010
    226    228   90.0    0.3027   0.2323      0.1010
Wrote pdb files with previous and current coordinates

Step 1808, time 9.04 (ps)  LINCS WARNING
relative constraint deviation after LINCS:
rms 0.126110, max 1.327481 (between atoms 226 and 228)
bonds that rotated more than 30 degrees:
 atom 1 atom 2  angle  previous, current, constraint length
    220    221   54.2    0.1010   0.1010      0.1010
    223    224   90.0    0.1011   0.1506      0.1010
    223    225   30.6    0.1008   0.1010      0.1010
    226    227   90.0    0.2706   0.1414      0.1010
    226    228   90.0    0.2323   0.2351      0.1010
Wrote pdb files with previous and current coordinates

Step 1809, time 9.045 (ps)  LINCS WARNING
relative constraint deviation after LINCS:
rms 0.170613, max 1.650929 (between atoms 226 and 227)
bonds that rotated more than 30 degrees:
 atom 1 atom 2  angle  previous, current, constraint length
    220    221   30.8    0.1010   0.1010      0.1010
    223    224   90.0    0.1506   0.1345      0.1010
    223    225   52.5    0.1010   0.1058      0.1010
    226    227   90.0    0.1414   0.2677      0.1010
    226    228   90.0    0.2351   0.2079      0.1010
Wrote pdb files with previous and current coordinates

Step 1810, time 9.05 (ps)  LINCS WARNING
relative constraint deviation after LINCS:
rms 0.118476, max 1.149148 (between atoms 226 and 228)
bonds that rotated more than 30 degrees:
 atom 1 atom 2  angle  previous, current, constraint length
    220    221   43.9    0.1010   0.1010      0.1010
    223    224   90.0    0.1345   0.1106      0.1010
    223    225   90.0    0.1058   0.1077      0.1010
    226    227   90.0    0.2677   0.1776      0.1010
    226    228   90.0    0.2079   0.2171      0.1010
Wrote pdb files with previous and current coordinates

Step 1811, time 9.055 (ps)  LINCS WARNING
relative constraint deviation after LINCS:
rms 0.182794, max 1.433161 (between atoms 226 and 227)
bonds that rotated more than 30 degrees:
 atom 1 atom 2  angle  previous, current, constraint length
    217    219   30.6    0.1090   0.1090      0.1090
    220    221   90.0    0.1010   0.2162      0.1010
    223    224   30.0    0.1106   0.1010      0.1010
    223    225   90.0    0.1077   0.1756      0.1010
    226    227   90.0    0.1776   0.2457      0.1010
    226    228   90.0    0.2171   0.1820      0.1010
Wrote pdb files with previous and current coordinates

Step 1812, time 9.06 (ps)  LINCS WARNING
relative constraint deviation after LINCS:
rms 0.090890, max 0.694414 (between atoms 223 and 225)
bonds that rotated more than 30 degrees:
 atom 1 atom 2  angle  previous, current, constraint length
    220    221   90.0    0.2163   0.1486      0.1010
    223    224   90.0    0.1010   0.1043      0.1010
    223    225   90.0    0.1757   0.1711      0.1010
    226    227   90.0    0.2458   0.1623      0.1010
    226    228   90.0    0.1821   0.1236      0.1010
Wrote pdb files with previous and current coordinates

Step 1813, time 9.065 (ps)  LINCS WARNING
relative constraint deviation after LINCS:
rms 0.212190, max 1.875640 (between atoms 226 and 227)
bonds that rotated more than 30 degrees:
 atom 1 atom 2  angle  previous, current, constraint length
    217    218   37.6    0.1090   0.1095      0.1090
    217    219   35.8    0.1090   0.1097      0.1090
    220    221   90.0    0.1486   0.1185      0.1010
    223    224   90.0    0.1043   0.1438      0.1010
    223    225   90.0    0.1711   0.2040      0.1010
    226    227   90.0    0.1623   0.2904      0.1010
    226    228   90.0    0.1236   0.2186      0.1010
Wrote pdb files with previous and current coordinates

Step 1814, time 9.07 (ps)  LINCS WARNING
relative constraint deviation after LINCS:
rms 0.140540, max 1.363873 (between atoms 220 and 221)
bonds that rotated more than 30 degrees:
 atom 1 atom 2  angle  previous, current, constraint length
    211    212   90.0    0.1090   0.1104      0.1090
    214    216   46.0    0.1092   0.1090      0.1090
    217    218   31.5    0.1095   0.1081      0.1090
    217    219   55.0    0.1097   0.1091      0.1090
    220    221   90.0    0.1185   0.2388      0.1010
    223    224   90.0    0.1438   0.1192      0.1010
    223    225   90.0    0.2040   0.1910      0.1010
    226    227   41.1    0.2904   0.1010      0.1010
Wrote pdb files with previous and current coordinates

Step 1815, time 9.075 (ps)  LINCS WARNING
relative constraint deviation after LINCS:
rms 18.046841, max 209.347900 (between atoms 211 and 212)
bonds that rotated more than 30 degrees:
 atom 1 atom 2  angle  previous, current, constraint length
    207    208   90.0    0.1010   2.2662      0.1010
    209    210   48.3    0.1090   0.1090      0.1090
    211    212  159.3    0.1104  22.9279      0.1090
    211    213   78.4    0.1092   0.1009      0.1090
    220    221   32.9    0.2388   0.1010      0.1010
    223    224   90.0    0.1192   0.2886      0.1010
    223    225   90.0    0.1910   0.2719      0.1010
    226    227   90.0    0.1010   0.1326      0.1010
    226    228   90.0    0.1007   0.2067      0.1010
Wrote pdb files with previous and current coordinates

Step 1816, time 9.08 (ps)  LINCS WARNING
relative constraint deviation after LINCS:
rms 41.786297, max 487.217407 (between atoms 211 and 212)
bonds that rotated more than 30 degrees:
 atom 1 atom 2  angle  previous, current, constraint length
    207    208   90.0    2.2662   0.1772      0.1010
    209    210   90.0    0.1090   1.1186      0.1090
    211    213   43.6    0.1009   0.1058      0.1090
    217    218   42.3    0.1090   0.1109      0.1090
    217    219   55.0    0.1090   0.1101      0.1090
    220    221   90.0    0.1010   0.1118      0.1010
    223    224   90.0    0.2886   0.1421      0.1010
    223    225   90.0    0.2719   0.2120      0.1010
    226    227   51.8    0.1326   0.0995      0.1010
    226    228   90.0    0.2067   0.1591      0.1010
Wrote pdb files with previous and current coordinates

Step 1817, time 9.085 (ps)  LINCS WARNING
relative constraint deviation after LINCS:
rms 66.577736, max 775.985535 (between atoms 211 and 212)
bonds that rotated more than 30 degrees:
 atom 1 atom 2  angle  previous, current, constraint length
    202    203   90.0    0.1090   0.4043      0.1090
    202    204   90.0    0.1090   0.7873      0.1090
    207    208   90.0    0.1772   2.5535      0.1010
    209    210   90.0    1.1186   0.3945      0.1090
    211    213   90.0    0.1058   0.6271      0.1090
    217    219   90.0    0.1101   0.1381      0.1090
    223    224   90.0    0.1421   0.4138      0.1010
    223    225   90.0    0.2120   0.3116      0.1010
    226    228   90.0    0.1591   0.1413      0.1010
Wrote pdb files with previous and current coordinates

Step 1818, time 9.09 (ps)  LINCS WARNING
relative constraint deviation after LINCS:
rms 1167173222400.000000, max 13611461246976.000000 (between atoms 211 and 213)
bonds that rotated more than 30 degrees:
 atom 1 atom 2  angle  previous, current, constraint length
    200    201   90.0    0.1010   0.3744      0.1010
    202    203   49.7    0.4043   2.2097      0.1090
    202    204   90.0    0.7873   0.5227      0.1090
    207    208   90.0    2.5535   0.8492      0.1010
    209    210  141.9    0.3945  12.6771      0.1090
    211    212   33.8   84.6914 143.1702      0.1090
    211    213   40.7    0.6271 1483649318912.0000      0.1090
    214    215   90.0    0.1090   0.3341      0.1090
    214    216   90.0    0.1090   0.3339      0.1090
    217    218   90.0    0.1093   0.1399      0.1090
    220    221   35.4    0.1010   0.1010      0.1010
    223    224   90.0    0.4138   0.1370      0.1010
    223    225   90.0    0.3116   0.2055      0.1010
    226    227   90.0    0.1011   0.2138      0.1010
    226    228   90.0    0.1413   0.1780      0.1010

step 1818: One or more water molecules can not be settled.
Check for bad contacts and/or reduce the timestep if appropriate.
Wrote pdb files with previous and current coordinates
[cm012:2024515:0:2024515] Caught signal 11 (Segmentation fault: address not mapped to object at address 0xfffffffe0296c580)
==== backtrace (tid:2024515) ====
 0 0x000000000005f10c ucs_callbackq_cleanup()  ???:0
 1 0x000000000005f2ca ucs_callbackq_cleanup()  ???:0
 2 0x0000000000054df0 __GI___sigaction()  :0
 3 0x00000000009cafed _INTERNALad13f94a::calc_interpolation_idx()  pme_spread.cpp:0
 4 0x00000000009cabad spread_on_grid()  ???:0
 5 0x00000000001303f3 __kmp_invoke_microtask()  ???:0
 6 0x00000000000b4937 __kmp_fork_call()  /nfs/site/proj/openmp/promo/20200504/tmp/lin_32e-rtl_int_5_nor_dyn.rel.c0.s0.t1..h1.w1-fxe16lin03/../../src/kmp_runtime.cpp:2046
 7 0x0000000000078533 __kmpc_fork_call()  /nfs/site/proj/openmp/promo/20200504/tmp/lin_32e-rtl_int_5_nor_dyn.rel.c0.s0.t1..h1.w1-fxe16lin03/../../src/kmp_csupport.cpp:360
 8 0x00000000009c9e50 spread_on_grid()  ???:0
 9 0x00000000009a7a8c gmx_pme_do()  ???:0
10 0x00000000008dbbed do_force_lowlevel()  ???:0
11 0x0000000000916880 do_force()  ???:0
12 0x00000000009eae29 gmx::LegacySimulator::do_md()  ???:0
13 0x00000000009e51d2 gmx::LegacySimulator::run()  ???:0
14 0x0000000000a0ad1a gmx::Mdrunner::mdrunner()  ???:0
15 0x00000000004083e8 gmx::gmx_mdrun()  ???:0
16 0x00000000004ae329 gmx::CommandLineModuleManager::run()  ???:0
17 0x00000000004067b6 main()  ???:0
18 0x000000000003feb0 __libc_start_call_main()  ???:0
19 0x000000000003ff60 __libc_start_main_alias_2()  :0
20 0x000000000040662e _start()  ???:0
=================================
[cm012:2024515] *** Process received signal ***
[cm012:2024515] Signal: Segmentation fault (11)
[cm012:2024515] Signal code:  (-6)
[cm012:2024515] Failing at address: 0x41ab4f001ee443
[cm012:2024515] [ 0] /lib64/libc.so.6(+0x54df0)[0x152f6d854df0]
[cm012:2024515] [ 1] /share/apps/gromacs/2020.4/openmpi/intel/lib64/libgromacs_mpi.so.5(+0x9cafed)[0x152f71a31fed]
[cm012:2024515] [ 2] /share/apps/gromacs/2020.4/openmpi/intel/lib64/libgromacs_mpi.so.5(_Z14spread_on_gridPK9gmx_pme_tP11PmeAtomCommPK10pmegrids_tbbPfbi+0xe3d)[0x152f71a31bad]
[cm012:2024515] [ 3] /share/apps/intel/19.1.2/lib/intel64/libiomp5.so(__kmp_invoke_microtask+0x93)[0x152f6df2a3f3]
[cm012:2024515] [ 4] /share/apps/intel/19.1.2/lib/intel64/libiomp5.so(__kmp_fork_call+0x3f7)[0x152f6deae937]
[cm012:2024515] [ 5] /share/apps/intel/19.1.2/lib/intel64/libiomp5.so(__kmpc_fork_call+0x183)[0x152f6de72533]
[cm012:2024515] [ 6] /share/apps/gromacs/2020.4/openmpi/intel/lib64/libgromacs_mpi.so.5(_Z14spread_on_gridPK9gmx_pme_tP11PmeAtomCommPK10pmegrids_tbbPfbi+0xe0)[0x152f71a30e50]
[cm012:2024515] [ 7] /share/apps/gromacs/2020.4/openmpi/intel/lib64/libgromacs_mpi.so.5(_Z10gmx_pme_doP9gmx_pme_tN3gmx8ArrayRefIKNS1_11BasicVectorIfEEEENS2_IS4_EEPfS8_S8_S8_S8_S8_PA3_KfPK9t_commreciiP6t_nrnbP13gmx_wallcyclePA3_fSK_S8_S8_ffS8_S8_i+0x1a8c)[0x152f71a0ea8c]
[cm012:2024515] [ 8] /share/apps/gromacs/2020.4/openmpi/intel/lib64/libgromacs_mpi.so.5(_Z17do_force_lowlevelP10t_forcerecPK10t_inputrecPK6t_idefPK9t_commrecPK14gmx_multisim_tP6t_nrnbP13gmx_wallcyclePK9t_mdatomsN3gmx19ArrayRefWithPaddingINSK_11BasicVectorIfEEEEP9history_tPNSK_12ForceOutputsEP14gmx_enerdata_tP8t_fcdataPA3_KfPSX_PK7t_graphSZ_RKNSK_12StepWorkloadERK22DDBalanceRegionHandler+0x9ed)[0x152f71942bed]
[cm012:2024515] [ 9] /share/apps/gromacs/2020.4/openmpi/intel/lib64/libgromacs_mpi.so.5(_Z8do_forceP8_IO_FILEPK9t_commrecPK14gmx_multisim_tPK10t_inputrecPN3gmx3AwhEP10gmx_enfrotPNSA_10ImdSessionEP6pull_tlP6t_nrnbP13gmx_wallcyclePK14gmx_localtop_tPA3_KfNSA_19ArrayRefWithPaddingINSA_11BasicVectorIfEEEEP9history_tSW_PA3_fPK9t_mdatomsP14gmx_enerdata_tP8t_fcdataNSA_8ArrayRefIfEEP7t_graphP10t_forcerecPNSA_21MdrunScheduleWorkloadEPK11gmx_vsite_tPfdP9gmx_edsamiRK22DDBalanceRegionHandler+0x11d0)[0x152f7197d880]
[cm012:2024515] [10] /share/apps/gromacs/2020.4/openmpi/intel/lib64/libgromacs_mpi.so.5(_ZN3gmx15LegacySimulator5do_mdEv+0x5469)[0x152f71a51e29]
[cm012:2024515] [11] /share/apps/gromacs/2020.4/openmpi/intel/lib64/libgromacs_mpi.so.5(_ZN3gmx15LegacySimulator3runEv+0x542)[0x152f71a4c1d2]
[cm012:2024515] [12] /share/apps/gromacs/2020.4/openmpi/intel/lib64/libgromacs_mpi.so.5(_ZN3gmx8Mdrunner8mdrunnerEv+0x24aa)[0x152f71a71d1a]
[cm012:2024515] [13] gmx_mpi[0x4083e8]
[cm012:2024515] [14] /share/apps/gromacs/2020.4/openmpi/intel/lib64/libgromacs_mpi.so.5(_ZN3gmx24CommandLineModuleManager3runEiPPc+0x339)[0x152f71515329]
[cm012:2024515] [15] gmx_mpi[0x4067b6]
[cm012:2024515] [16] /lib64/libc.so.6(+0x3feb0)[0x152f6d83feb0]
[cm012:2024515] [17] /lib64/libc.so.6(__libc_start_main+0x80)[0x152f6d83ff60]
[cm012:2024515] [18] gmx_mpi[0x40662e]
[cm012:2024515] *** End of error message ***
/opt/slurm/data/slurmd/job51328144/slurm_script: line 19: 2024515 Segmentation fault      (core dumped) gmx_mpi mdrun -deffnm md_0_1
